FILE_TYPE=LIBRARY_PARTS;
PRIMITIVE 'PESD3V3S1UL_315','PESD3V3S1UL_315_Other';
  PIN
    'K':
      PIN_NUMBER='(1)';
      NO_LOAD_CHECK=BOTH;
      NO_IO_CHECK=BOTH;
      ALLOW_CONNECT=TRUE;
      PINUSE='UNSPEC';
    'A':
      PIN_NUMBER='(2)';
      NO_LOAD_CHECK=BOTH;
      NO_IO_CHECK=BOTH;
      ALLOW_CONNECT=TRUE;
      PINUSE='UNSPEC';
  END_PIN;
  BODY
    PART_NAME='PESD3V3S1UL_315';
    PHYS_DES_PREFIX='D';
    NO_LOAD_CHECK='TRUE';
    PIN_COUNT='2';
    BODY_NAME='PESD3V3S1UL_315';
    JEDEC_TYPE='PESD5V0S1BL315';
  END_BODY;
END_PRIMITIVE;
END.
